<?xml version="1.0" encoding="UTF-8"?>
<!-- Generated by org.testng.reporters.JUnitXMLReporter -->
<testsuite hostname="LP-Deepak" ignored="1" name="Practice_Grouping" tests="2" failures="0" timestamp="11 Jun 2018 10:36:28 GMT" time="0.044" errors="0">
  <testcase name="b" time="0.013" classname="testing_enviroment.helloworld"/>
  <testcase name="c" time="0.003" classname="testing_enviroment.helloworld"/>
  <testcase name="a" time="0.0" classname="testing_enviroment.helloworld">
    <ignored/>
  </testcase> <!-- a -->
</testsuite> <!-- Practice_Grouping -->
