<?xml version="1.0" encoding="UTF-8"?>
<!-- Generated by org.testng.reporters.JUnitXMLReporter -->
<testsuite hostname="LP-Vinay-QA" ignored="1" name="My test" tests="1" failures="0" timestamp="07 Aug 2019 10:01:26 GMT" time="16.905" errors="0">
  <testcase name="openbrowser" time="16.856" classname="guru99demo_project.bank_proj"/>
  <testcase name="mouseover_activity" time="0.0" classname="guru99demo_project.bank_proj">
    <ignored/>
  </testcase> <!-- mouseover_activity -->
</testsuite> <!-- My test -->
