<?xml version="1.0" encoding="UTF-8"?>
<testng-results skipped="0" failed="0" ignored="0" total="4" passed="4">
  <reporter-output>
  </reporter-output>
  <suite name="Default suite" duration-ms="71" started-at="2019-11-15T10:03:37Z" finished-at="2019-11-15T10:03:37Z">
    <groups>
    </groups>
    <test name="Default test" duration-ms="71" started-at="2019-11-15T10:03:37Z" finished-at="2019-11-15T10:03:37Z">
      <class name="wave_task.testngDemo">
        <test-method status="PASS" signature="delete()[pri:0, instance:wave_task.testngDemo@1f57539]" name="delete" duration-ms="14" started-at="2019-11-15T10:03:37Z" finished-at="2019-11-15T10:03:37Z">
          <reporter-output>
          </reporter-output>
        </test-method> <!-- delete -->
        <test-method status="PASS" signature="insert()[pri:0, instance:wave_task.testngDemo@1f57539]" name="insert" duration-ms="0" started-at="2019-11-15T10:03:37Z" finished-at="2019-11-15T10:03:37Z">
          <reporter-output>
          </reporter-output>
        </test-method> <!-- insert -->
        <test-method status="PASS" signature="update()[pri:0, instance:wave_task.testngDemo@1f57539]" name="update" duration-ms="0" started-at="2019-11-15T10:03:37Z" finished-at="2019-11-15T10:03:37Z">
          <reporter-output>
          </reporter-output>
        </test-method> <!-- update -->
        <test-method status="PASS" signature="select()[pri:0, instance:wave_task.testngDemo@1f57539]" name="select" duration-ms="4" started-at="2019-11-15T10:03:37Z" depends-on-methods="wave_task.testngDemo.insert" finished-at="2019-11-15T10:03:37Z">
          <reporter-output>
          </reporter-output>
        </test-method> <!-- select -->
      </class> <!-- wave_task.testngDemo -->
    </test> <!-- Default test -->
  </suite> <!-- Default suite -->
</testng-results>
